q:\0_作业\工程实践\大二上-数据结构-tire树\mypad\mypad\debug\mypad.pch
q:\0_作业\工程实践\大二上-数据结构-tire树\mypad\mypad\debug\vc140.pdb
q:\0_作业\工程实践\大二上-数据结构-tire树\mypad\mypad\debug\vc140.idb
q:\0_作业\工程实践\大二上-数据结构-tire树\mypad\mypad\debug\stdafx.obj
q:\0_作业\工程实践\大二上-数据结构-tire树\mypad\mypad\debug\dlgproxy.obj
q:\0_作业\工程实践\大二上-数据结构-tire树\mypad\mypad\debug\intelidlg.obj
q:\0_作业\工程实践\大二上-数据结构-tire树\mypad\mypad\debug\mypad.obj
q:\0_作业\工程实践\大二上-数据结构-tire树\mypad\mypad\debug\mypaddlg.obj
q:\0_作业\工程实践\大二上-数据结构-tire树\mypad\mypad\debug\searchsuggestdlg.obj
q:\0_作业\工程实践\大二上-数据结构-tire树\mypad\mypad\debug\termfrequencydlg.obj
q:\0_作业\工程实践\大二上-数据结构-tire树\mypad\mypad\debug\triegraph.obj
q:\0_作业\工程实践\大二上-数据结构-tire树\mypad\mypad\debug\trietree.obj
q:\0_作业\工程实践\大二上-数据结构-tire树\mypad\mypad\debug\mypad.ilk
q:\0_作业\工程实践\大二上-数据结构-tire树\mypad\mypad\debug\mypad.exe
q:\0_作业\工程实践\大二上-数据结构-tire树\mypad\mypad\debug\mypad.pdb
q:\0_作业\工程实践\大二上-数据结构-tire树\mypad\mypad\debug\mypad.tlb
q:\0_作业\工程实践\大二上-数据结构-tire树\mypad\mypad\mypad_i.c
q:\0_作业\工程实践\大二上-数据结构-tire树\mypad\mypad\mypad_h.h
q:\0_作业\工程实践\大二上-数据结构-tire树\mypad\mypad\debug\mypad.res
q:\0_作业\工程实践\大二上-数据结构-tire树\mypad\mypad\debug\mypad.tlog\cl.command.1.tlog
q:\0_作业\工程实践\大二上-数据结构-tire树\mypad\mypad\debug\mypad.tlog\cl.read.1.tlog
q:\0_作业\工程实践\大二上-数据结构-tire树\mypad\mypad\debug\mypad.tlog\cl.write.1.tlog
q:\0_作业\工程实践\大二上-数据结构-tire树\mypad\mypad\debug\mypad.tlog\link.command.1.tlog
q:\0_作业\工程实践\大二上-数据结构-tire树\mypad\mypad\debug\mypad.tlog\link.read.1.tlog
q:\0_作业\工程实践\大二上-数据结构-tire树\mypad\mypad\debug\mypad.tlog\link.write.1.tlog
q:\0_作业\工程实践\大二上-数据结构-tire树\mypad\mypad\debug\mypad.tlog\midl.command.1.tlog
q:\0_作业\工程实践\大二上-数据结构-tire树\mypad\mypad\debug\mypad.tlog\midl.read.1.tlog
q:\0_作业\工程实践\大二上-数据结构-tire树\mypad\mypad\debug\mypad.tlog\midl.write.1.tlog
q:\0_作业\工程实践\大二上-数据结构-tire树\mypad\mypad\debug\mypad.tlog\rc.command.1.tlog
q:\0_作业\工程实践\大二上-数据结构-tire树\mypad\mypad\debug\mypad.tlog\rc.read.1.tlog
q:\0_作业\工程实践\大二上-数据结构-tire树\mypad\mypad\debug\mypad.tlog\rc.write.1.tlog
